###
### Using 'msvc' toolset.
###

C:\Users\joeld\source\repos\vcpkg\packages\boost-build_x64-windows\tools\boost-build\src\engine>if exist bootstrap rd /S /Q bootstrap 

C:\Users\joeld\source\repos\vcpkg\packages\boost-build_x64-windows\tools\boost-build\src\engine>md bootstrap 

C:\Users\joeld\source\repos\vcpkg\packages\boost-build_x64-windows\tools\boost-build\src\engine>cl /nologo /GZ /Zi /MLd /Fobootstrap/ /Fdbootstrap/ -DNT -DYYDEBUG kernel32.lib advapi32.lib user32.lib /Febootstrap\jam0  command.c compile.c constants.c debug.c execcmd.c execnt.c filent.c frames.c function.c glob.c hash.c hdrmacro.c headers.c jam.c jambase.c jamgram.c lists.c make.c make1.c object.c option.c output.c parse.c pathnt.c pathsys.c regexp.c rules.c scan.c search.c subst.c timestamp.c variable.c modules.c strings.c filesys.c builtins.c md5.c class.c cwd.c w32_getreg.c native.c modules/set.c modules/path.c modules/regex.c modules/property-set.c modules/sequence.c modules/order.c 
command.c
compile.c
constants.c
debug.c
execcmd.c
execnt.c
filent.c
filent.c(490): warning C4477: 'sprintf' : format string '%.*s' requires an argument of type 'int', but variadic argument 1 has type '__int64'
filent.c(490): note: this argument is used as a precision
frames.c
function.c
glob.c
hash.c
hdrmacro.c
headers.c
jam.c
jambase.c
jamgram.c
lists.c
make.c
make1.c
object.c
Generating Code...
Compiling...
option.c
output.c
parse.c
pathnt.c
pathsys.c
regexp.c
rules.c
scan.c
search.c
subst.c
timestamp.c
variable.c
modules.c
strings.c
filesys.c
builtins.c
md5.c
class.c
cwd.c
w32_getreg.c
Generating Code...
Compiling...
native.c
set.c
path.c
regex.c
property-set.c
sequence.c
order.c
Generating Code...

C:\Users\joeld\source\repos\vcpkg\packages\boost-build_x64-windows\tools\boost-build\src\engine>.\bootstrap\jam0 -f build.jam --toolset=msvc "--toolset-root= "  clean 
...found 1 target...
...updating 1 target...
...updated 1 target...

C:\Users\joeld\source\repos\vcpkg\packages\boost-build_x64-windows\tools\boost-build\src\engine>.\bootstrap\jam0 -f build.jam --toolset=msvc "--toolset-root= "  
...found 161 targets...
...updating 3 targets...
[MKDIR] bin.ntx86_64
[COMPILE] bin.ntx86_64\b2.exe
cl : Command line warning D9002 : ignoring unknown option '/ML'
cl : Command line warning D9002 : ignoring unknown option '/GB'
command.c
compile.c
constants.c
debug.c
debugger.c
execcmd.c
frames.c
function.c
glob.c
hash.c
hcache.c
headers.c
hdrmacro.c
jam.c
jambase.c
jamgram.c
lists.c
make.c
make1.c
mem.c
Generating Code...
Compiling...
object.c
option.c
output.c
parse.c
pathsys.c
regexp.c
rules.c
scan.c
search.c
subst.c
w32_getreg.c
timestamp.c
variable.c
modules.c
strings.c
filesys.c
builtins.c
class.c
cwd.c
native.c
Generating Code...
Compiling...
md5.c
set.c
path.c
regex.c
property-set.c
sequence.c
order.c
execnt.c
filent.c
filent.c(490): warning C4477: 'sprintf' : format string '%.*s' requires an argument of type 'int', but variadic argument 1 has type '__int64'
filent.c(490): note: this argument is used as a precision
pathnt.c
Generating Code...
[COPY] bin.ntx86_64\bjam.exe
...updated 3 targets...

C:\Users\joeld\source\repos\vcpkg\packages\boost-build_x64-windows\tools\boost-build\src\engine>exit /b 0 
